[19:48:21.723] Global cache location '/mnt/d/wsl-home/.cache/typescript/4.5', safe file path '/mnt/d/wsl-home/.nvm/versions/node/v16.13.2/lib/node_modules/typescript/lib/typingSafeList.json', types map path /mnt/d/wsl-home/.nvm/versions/node/v16.13.2/lib/node_modules/typescript/lib/typesMap.json
[19:48:21.723] Processing cache location '/mnt/d/wsl-home/.cache/typescript/4.5'
[19:48:21.723] Trying to find '/mnt/d/wsl-home/.cache/typescript/4.5/package.json'...
[19:48:21.757] Loaded content of '/mnt/d/wsl-home/.cache/typescript/4.5/package.json': {"private":true,"dependencies":{"types-registry":"^0.1.620"},"devDependencies":{"@types/adm-zip":"^0.5.0","@types/archiver":"^5.3.1","@types/are-we-there-yet":"^1.1.0","@types/argparse":"^2.0.10","@types/arr-diff":"^4.0.1","@types/arr-union":"^3.1.0","@types/array-find-index":"^1.0.0","@types/array-unique":"^0.3.0","@types/async":"^3.2.13","@types/atob":"^2.1.2","@types/backo2":"^1.0.1","@types/balanced-match":"^1.0.2","@types/bindings":"^1.5.1","@types/bl":"^5.0.2","@types/bluebird":"^3.5.36","@types/blueimp-md5":"^2.18.0","@types/brace-expansion":"^1.1.0","@types/braces":"^3.0.1","@types/buffer-crc32":"^0.2.0","@types/buffer-from":"^1.1.0","@types/buffers":"^0.1.31","@types/cacheable-request":"^6.0.2","@types/call-bind":"^1.0.0","@types/caniuse-lite":"^1.0.1","@types/chardet":"^0.8.1","@types/chownr":"^1.0.0","@types/cli-color":"^2.0.2","@types/cli-spinners":"^1.3.0","@types/clone":"^2.1.1","@types/color":"^3.0.3","@types/color-convert":"^2.0.0","@types/color-name":"^1.1.1","@types/color-string":"^1.5.2","@types/colornames":"^1.1.2","@types/combined-stream":"^1.0.3","@types/component-emitter":"^1.2.11","@types/concat-map":"^0.0.1","@types/configstore":"^5.0.1","@types/content-disposition":"^0.5.5","@types/convert-source-map":"^1.5.2","@types/cookiejar":"^2.1.2","@types/core-js":"^2.5.5","@types/crc":"^3.4.0","@types/cross-spawn":"^6.0.2","@types/d":"^1.0.1","@types/debug":"^4.1.7","@types/decode-uri-component":"^0.2.0","@types/decompress":"^4.2.4","@types/deep-equal":"^1.0.1","@types/deep-extend":"^0.4.32","@types/defaults":"^1.0.3","@types/define-properties":"^1.1.3","@types/delegates":"^1.0.0","@types/detect-libc":"^1.0.0","@types/diff":"^5.0.2","@types/dir-glob":"^2.0.1","@types/duplexer3":"^0.1.1","@types/duplexify":"^3.6.1","@types/empower-core":"^1.2.1","@types/end-of-stream":"^1.4.1","@types/engine.io-client":"^3.1.5","@types/es-abstract":"^1.17.3","@types/es-to-primitive":"^1.2.4","@types/es6-promisify":"^6.0.1","@types/es6-weak-map":"^1.2.0","@types/escodegen":"^0.0.7","@types/esm":"^3.2.0","@types/esprima":"^4.0.3","@types/estraverse":"^5.1.1","@types/esutils":"^2.0.0","@types/event-emitter":"^0.3.3","@types/events":"^3.0.0","@types/extend":"^3.0.1","@types/fast-levenshtein":"^0.0.2","@types/fill-range":"^7.0.0","@types/flat":"^5.0.2","@types/folder-hash":"^4.0.1","@types/follow-redirects":"^1.14.1","@types/formidable":"^2.0.5","@types/fs-extra":"^9.0.13","@types/function-bind":"^1.1.6","@types/get-intrinsic":"^1.0.0","@types/get-value":"^3.0.2","@types/glob":"^7.2.0","@types/glob-parent":"^5.1.1","@types/glob-to-regexp":"^0.4.1","@types/graceful-fs":"^4.1.5","@types/graphlib":"^2.1.8","@types/has":"^1.0.0","@types/has-ansi":"^5.0.0","@types/has-symbols":"^1.0.0","@types/hosted-git-info":"^3.0.2","@types/http-cache-semantics":"^4.0.1","@types/immediate":"^3.2.0","@types/imurmurhash":"^0.1.1","@types/inherits":"^0.0.30","@types/ini":"^1.3.31","@types/inquirer":"^8.2.1","@types/inquirer-autocomplete-prompt":"^1.3.4","@types/internal-slot":"^1.0.1","@types/is-arguments":"^1.0.0","@types/is-bigint":"^1.0.0","@types/is-boolean-object":"^1.1.0","@types/is-buffer":"^2.0.0","@types/is-callable":"^1.1.0","@types/is-ci":"^3.0.0","@types/is-core-module":"^2.2.0","@types/is-data-descriptor":"^1.0.0","@types/is-date-object":"^1.0.2","@types/is-glob":"^4.0.2","@types/is-natural-number":"^4.0.1","@types/is-number":"^7.0.3","@types/is-regex":"^1.0.0","@types/is-string":"^1.0.0","@types/is-typedarray":"^1.0.0","@types/is-url":"^1.2.30","@types/is-utf8":"^0.2.0","@types/is-windows":"^1.0.0","@types/isarray":"^2.0.0","@types/isexe":"^2.0.1","@types/jmespath":"^0.15.0","@types/js-string-escape":"^1.0.1","@types/js-yaml":"^4.0.5","@types/jsesc":"^3.0.1","@types/json-buffer":"^3.0.0","@types/json-parse-better-errors":"^1.0.0","@types/jsonfile":"^6.1.0","@types/jsonpath":"^0.2.0","@types/jsonwebtoken":"^8.5.8","@types/jwa":"^2.0.0","@types/jws":"^3.2.4","@types/kind-of":"^6.0.0","@types/lodash":"^4.14.182","@types/lodash.clonedeep":"^4.5.7","@types/lodash.defaults":"^4.2.7","@types/lodash.difference":"^4.5.7","@types/lodash.flatten":"^4.4.7","@types/lodash.flattendeep":"^4.4.7","@types/lodash.includes":"^4.3.7","@types/lodash.isboolean":"^3.0.7","@types/lodash.isinteger":"^4.0.7","@types/lodash.islength":"^4.0.7","@types/lodash.isnumber":"^3.0.7","@types/lodash.isplainobject":"^4.0.7","@types/lodash.isstring":"^4.0.7","@types/lodash.merge":"^4.6.7","@types/lodash.once":"^4.1.7","@types/lodash.union":"^4.6.7","@types/log":"^6.3.0","@types/long":"^4.0.2","@types/luxon":"^2.3.2","@types/media-typer":"^1.1.1","@types/memoizee":"^0.4.8","@types/merge2":"^1.3.1","@types/methods":"^1.1.1","@types/micromatch":"^4.0.2","@types/mime":"^2.0.3","@types/mime-db":"^1.43.1","@types/mime-types":"^2.1.1","@types/minimatch":"^3.0.5","@types/minimist":"^1.2.2","@types/minipass":"^3.1.2","@types/minizlib":"^2.1.3","@types/mkdirp":"^1.0.2","@types/ms":"^0.7.31","@types/msgpack-lite":"^0.1.8","@types/mute-stream":"^0.0.1","@types/nested-error-stacks":"^2.1.0","@types/next-tick":"^1.0.0","@types/nice-try":"^2.1.0","@types/node-abi":"^3.0.0","@types/node-dir":"^0.0.34","@types/node-fetch":"^2.6.1","@types/normalize-package-data":"^2.4.1","@types/normalize-path":"^3.0.0","@types/npmlog":"^4.1.4","@types/number-is-nan":"^2.0.0","@types/object-assign":"^4.0.30","@types/object-inspect":"^1.8.1","@types/object-keys":"^1.0.1","@types/object.fromentries":"^2.0.1","@types/object.pick":"^1.3.1","@types/once":"^1.4.0","@types/one-time":"^0.0.1","@types/os-homedir":"^1.0.0","@types/os-tmpdir":"^1.0.0","@types/pako":"^2.0.0","@types/parse-json":"^4.0.0","@types/pascalcase":"^1.0.1","@types/path-is-absolute":"^1.0.0","@types/path-is-inside":"^1.0.0","@types/path-parse":"^1.0.19","@types/picomatch":"^2.3.0","@types/pify":"^5.0.1","@types/prelude-ls":"^1.1.29","@types/promise-queue":"^2.2.0","@types/pump":"^1.1.1","@types/punycode":"^2.1.0","@types/qrcode-terminal":"^0.12.0","@types/qs":"^6.9.7","@types/ramda":"^0.28.12","@types/rc":"^1.2.1","@types/readable-stream":"^2.3.13","@types/regenerate":"^1.4.1","@types/regenerator-runtime":"^0.13.1","@types/regex-not":"^1.0.0","@types/registry-auth-token":"^4.2.1","@types/repeat-element":"^1.1.1","@types/repeat-string":"^1.6.3","@types/resolve":"^1.20.2","@types/responselike":"^1.0.0","@types/retry":"^0.12.2","@types/rimraf":"^3.0.2","@types/run-parallel":"^1.1.0","@types/run-parallel-limit":"^1.0.0","@types/safe-regex":"^1.1.3","@types/safer-buffer":"^2.1.0","@types/sax":"^1.2.4","@types/semver":"^7.3.9","@types/serverless":"^3.12.5","@types/set-value":"^4.0.1","@types/shebang-command":"^1.2.0","@types/shortid":"^0.0.29","@types/signal-exit":"^3.0.1","@types/simple-swizzle":"^0.2.0","@types/slice-ansi":"^5.0.0","@types/source-map-support":"^0.5.4","@types/spdx-correct":"^2.0.0","@types/spdx-expression-parse":"^3.0.1","@types/split2":"^3.2.1","@types/sprintf":"^0.1.0","@types/sprintf-js":"^1.1.2","@types/stack-trace":"^0.0.30","@types/stack-utils":"^2.0.1","@types/static-eval":"^0.2.31","@types/stream-shift":"^1.0.0","@types/superagent":"^4.1.15","@types/supports-color":"^8.1.1","@types/tabtab":"^3.0.2","@types/tar":"^6.1.1","@types/tar-fs":"^2.0.1","@types/tar-stream":"^2.2.2","@types/through":"^0.0.30","@types/tmp":"^0.2.3","@types/to-regex":"^3.0.0","@types/to-regex-range":"^5.0.0","@types/traverse":"^0.6.32","@types/triple-beam":"^1.3.2","@types/type-check":"^0.3.27","@types/type-is":"^1.6.3","@types/typedarray-to-buffer":"^4.0.0","@types/uid2":"^0.0.0","@types/unbzip2-stream":"^1.4.0","@types/underscore":"^1.11.4","@types/universalify":"^1.0.0","@types/update-notifier":"^5.1.0","@types/urijs":"^1.19.19","@types/urix":"^0.1.0","@types/url-parse-lax":"^5.0.0","@types/urlencode":"^1.1.2","@types/utf8":"^3.0.1","@types/util-deprecate":"^1.0.0","@types/uuid":"^8.3.4","@types/validate-npm-package-license":"^3.0.1","@types/wcwidth":"^1.0.0","@types/webidl-conversions":"^6.1.1","@types/whatwg-url":"^8.2.1","@types/which":"^2.0.1","@types/which-pm-runs":"^1.0.0","@types/wrap-ansi":"^8.0.1","@types/write-file-atomic":"^4.0.0","@types/ws":"^8.5.3","@types/xml2js":"^0.4.11","@types/xtend":"^4.0.4","@types/yallist":"^4.0.1","@types/yamljs":"^0.2.31","@types/yargs-parser":"^21.0.0","@types/yauzl":"^2.10.0","@types/yeast":"^0.1.1"}}
[19:48:21.757] Loaded content of '/mnt/d/wsl-home/.cache/typescript/4.5/package-lock.json'
[19:48:21.937] Adding entry into typings cache: 'adm-zip' => '/mnt/d/wsl-home/.cache/typescript/4.5/node_modules/@types/adm-zip/index.d.ts'
[19:48:22.160] Adding entry into typings cache: 'archiver' => '/mnt/d/wsl-home/.cache/typescript/4.5/node_modules/@types/archiver/index.d.ts'
[19:48:22.386] Adding entry into typings cache: 'are-we-there-yet' => '/mnt/d/wsl-home/.cache/typescript/4.5/node_modules/@types/are-we-there-yet/index.d.ts'
[19:48:22.609] Adding entry into typings cache: 'argparse' => '/mnt/d/wsl-home/.cache/typescript/4.5/node_modules/@types/argparse/index.d.ts'
[19:48:22.797] Adding entry into typings cache: 'arr-diff' => '/mnt/d/wsl-home/.cache/typescript/4.5/node_modules/@types/arr-diff/index.d.ts'
[19:48:22.995] Adding entry into typings cache: 'arr-union' => '/mnt/d/wsl-home/.cache/typescript/4.5/node_modules/@types/arr-union/index.d.ts'
[19:48:23.191] Adding entry into typings cache: 'array-find-index' => '/mnt/d/wsl-home/.cache/typescript/4.5/node_modules/@types/array-find-index/index.d.ts'
[19:48:23.389] Adding entry into typings cache: 'array-unique' => '/mnt/d/wsl-home/.cache/typescript/4.5/node_modules/@types/array-unique/index.d.ts'
[19:48:23.596] Adding entry into typings cache: 'async' => '/mnt/d/wsl-home/.cache/typescript/4.5/node_modules/@types/async/index.d.ts'
[19:48:23.798] Adding entry into typings cache: 'atob' => '/mnt/d/wsl-home/.cache/typescript/4.5/node_modules/@types/atob/index.d.ts'
[19:48:24.008] Adding entry into typings cache: 'backo2' => '/mnt/d/wsl-home/.cache/typescript/4.5/node_modules/@types/backo2/index.d.ts'
[19:48:24.196] Adding entry into typings cache: 'balanced-match' => '/mnt/d/wsl-home/.cache/typescript/4.5/node_modules/@types/balanced-match/index.d.ts'
[19:48:24.371] Adding entry into typings cache: 'bindings' => '/mnt/d/wsl-home/.cache/typescript/4.5/node_modules/@types/bindings/index.d.ts'
[19:48:24.520] Adding entry into typings cache: 'bl' => '/mnt/d/wsl-home/.cache/typescript/4.5/node_modules/@types/bl/index.d.ts'
[19:48:24.675] Adding entry into typings cache: 'bluebird' => '/mnt/d/wsl-home/.cache/typescript/4.5/node_modules/@types/bluebird/index.d.ts'
[19:48:24.842] Adding entry into typings cache: 'blueimp-md5' => '/mnt/d/wsl-home/.cache/typescript/4.5/node_modules/@types/blueimp-md5/index.d.ts'
[19:48:25.011] Adding entry into typings cache: 'brace-expansion' => '/mnt/d/wsl-home/.cache/typescript/4.5/node_modules/@types/brace-expansion/index.d.ts'
[19:48:25.189] Adding entry into typings cache: 'braces' => '/mnt/d/wsl-home/.cache/typescript/4.5/node_modules/@types/braces/index.d.ts'
[19:48:25.428] Adding entry into typings cache: 'buffer-crc32' => '/mnt/d/wsl-home/.cache/typescript/4.5/node_modules/@types/buffer-crc32/index.d.ts'
[19:48:25.627] Adding entry into typings cache: 'buffer-from' => '/mnt/d/wsl-home/.cache/typescript/4.5/node_modules/@types/buffer-from/index.d.ts'
[19:48:25.782] Adding entry into typings cache: 'buffers' => '/mnt/d/wsl-home/.cache/typescript/4.5/node_modules/@types/buffers/index.d.ts'
[19:48:25.935] Adding entry into typings cache: 'cacheable-request' => '/mnt/d/wsl-home/.cache/typescript/4.5/node_modules/@types/cacheable-request/index.d.ts'
[19:48:26.112] Adding entry into typings cache: 'call-bind' => '/mnt/d/wsl-home/.cache/typescript/4.5/node_modules/@types/call-bind/index.d.ts'
[19:48:26.343] Adding entry into typings cache: 'caniuse-lite' => '/mnt/d/wsl-home/.cache/typescript/4.5/node_modules/@types/caniuse-lite/index.d.ts'
[19:48:26.514] Adding entry into typings cache: 'chardet' => '/mnt/d/wsl-home/.cache/typescript/4.5/node_modules/@types/chardet/index.d.ts'
[19:48:26.686] Adding entry into typings cache: 'chownr' => '/mnt/d/wsl-home/.cache/typescript/4.5/node_modules/@types/chownr/index.d.ts'
[19:48:26.860] Adding entry into typings cache: 'cli-color' => '/mnt/d/wsl-home/.cache/typescript/4.5/node_modules/@types/cli-color/index.d.ts'
[19:48:27.116] Adding entry into typings cache: 'cli-spinners' => '/mnt/d/wsl-home/.cache/typescript/4.5/node_modules/@types/cli-spinners/index.d.ts'
[19:48:27.283] Adding entry into typings cache: 'clone' => '/mnt/d/wsl-home/.cache/typescript/4.5/node_modules/@types/clone/index.d.ts'
[19:48:27.461] Adding entry into typings cache: 'color' => '/mnt/d/wsl-home/.cache/typescript/4.5/node_modules/@types/color/index.d.ts'
[19:48:27.701] Adding entry into typings cache: 'color-convert' => '/mnt/d/wsl-home/.cache/typescript/4.5/node_modules/@types/color-convert/index.d.ts'
[19:48:28.111] Adding entry into typings cache: 'color-name' => '/mnt/d/wsl-home/.cache/typescript/4.5/node_modules/@types/color-name/index.d.ts'
[19:48:28.278] Adding entry into typings cache: 'color-string' => '/mnt/d/wsl-home/.cache/typescript/4.5/node_modules/@types/color-string/index.d.ts'
[19:48:28.466] Adding entry into typings cache: 'colornames' => '/mnt/d/wsl-home/.cache/typescript/4.5/node_modules/@types/colornames/index.d.ts'
[19:48:28.735] Adding entry into typings cache: 'combined-stream' => '/mnt/d/wsl-home/.cache/typescript/4.5/node_modules/@types/combined-stream/index.d.ts'
[19:48:28.893] Adding entry into typings cache: 'component-emitter' => '/mnt/d/wsl-home/.cache/typescript/4.5/node_modules/@types/component-emitter/index.d.ts'
[19:48:29.072] Adding entry into typings cache: 'concat-map' => '/mnt/d/wsl-home/.cache/typescript/4.5/node_modules/@types/concat-map/index.d.ts'
[19:48:29.249] Adding entry into typings cache: 'configstore' => '/mnt/d/wsl-home/.cache/typescript/4.5/node_modules/@types/configstore/index.d.ts'
[19:48:29.416] Adding entry into typings cache: 'content-disposition' => '/mnt/d/wsl-home/.cache/typescript/4.5/node_modules/@types/content-disposition/index.d.ts'
[19:48:29.559] Adding entry into typings cache: 'convert-source-map' => '/mnt/d/wsl-home/.cache/typescript/4.5/node_modules/@types/convert-source-map/index.d.ts'
[19:48:29.728] Adding entry into typings cache: 'cookiejar' => '/mnt/d/wsl-home/.cache/typescript/4.5/node_modules/@types/cookiejar/index.d.ts'
[19:48:29.918] Adding entry into typings cache: 'core-js' => '/mnt/d/wsl-home/.cache/typescript/4.5/node_modules/@types/core-js/index.d.ts'
[19:48:30.111] Adding entry into typings cache: 'crc' => '/mnt/d/wsl-home/.cache/typescript/4.5/node_modules/@types/crc/index.d.ts'
[19:48:30.325] Adding entry into typings cache: 'cross-spawn' => '/mnt/d/wsl-home/.cache/typescript/4.5/node_modules/@types/cross-spawn/index.d.ts'
[19:48:30.510] Adding entry into typings cache: 'd' => '/mnt/d/wsl-home/.cache/typescript/4.5/node_modules/@types/d/index.d.ts'
[19:48:30.695] Adding entry into typings cache: 'debug' => '/mnt/d/wsl-home/.cache/typescript/4.5/node_modules/@types/debug/index.d.ts'
[19:48:30.899] Adding entry into typings cache: 'decode-uri-component' => '/mnt/d/wsl-home/.cache/typescript/4.5/node_modules/@types/decode-uri-component/index.d.ts'
[19:48:31.064] Adding entry into typings cache: 'decompress' => '/mnt/d/wsl-home/.cache/typescript/4.5/node_modules/@types/decompress/index.d.ts'
[19:48:31.222] Adding entry into typings cache: 'deep-equal' => '/mnt/d/wsl-home/.cache/typescript/4.5/node_modules/@types/deep-equal/index.d.ts'
[19:48:31.435] Adding entry into typings cache: 'deep-extend' => '/mnt/d/wsl-home/.cache/typescript/4.5/node_modules/@types/deep-extend/index.d.ts'
[19:48:31.597] Adding entry into typings cache: 'defaults' => '/mnt/d/wsl-home/.cache/typescript/4.5/node_modules/@types/defaults/index.d.ts'
[19:48:31.751] Adding entry into typings cache: 'define-properties' => '/mnt/d/wsl-home/.cache/typescript/4.5/node_modules/@types/define-properties/index.d.ts'
[19:48:31.913] Adding entry into typings cache: 'delegates' => '/mnt/d/wsl-home/.cache/typescript/4.5/node_modules/@types/delegates/index.d.ts'
[19:48:32.114] Adding entry into typings cache: 'detect-libc' => '/mnt/d/wsl-home/.cache/typescript/4.5/node_modules/@types/detect-libc/index.d.ts'
[19:48:32.305] Adding entry into typings cache: 'diff' => '/mnt/d/wsl-home/.cache/typescript/4.5/node_modules/@types/diff/index.d.ts'
[19:48:32.484] Adding entry into typings cache: 'dir-glob' => '/mnt/d/wsl-home/.cache/typescript/4.5/node_modules/@types/dir-glob/index.d.ts'
[19:48:32.685] Adding entry into typings cache: 'duplexer3' => '/mnt/d/wsl-home/.cache/typescript/4.5/node_modules/@types/duplexer3/index.d.ts'
[19:48:32.858] Adding entry into typings cache: 'duplexify' => '/mnt/d/wsl-home/.cache/typescript/4.5/node_modules/@types/duplexify/index.d.ts'
[19:48:33.030] Adding entry into typings cache: 'empower-core' => '/mnt/d/wsl-home/.cache/typescript/4.5/node_modules/@types/empower-core/index.d.ts'
[19:48:33.230] Adding entry into typings cache: 'end-of-stream' => '/mnt/d/wsl-home/.cache/typescript/4.5/node_modules/@types/end-of-stream/index.d.ts'
[19:48:33.423] Adding entry into typings cache: 'engine.io-client' => '/mnt/d/wsl-home/.cache/typescript/4.5/node_modules/@types/engine.io-client/index.d.ts'
[19:48:33.579] Adding entry into typings cache: 'es-abstract' => '/mnt/d/wsl-home/.cache/typescript/4.5/node_modules/@types/es-abstract/index.d.ts'
[19:48:33.733] Adding entry into typings cache: 'es-to-primitive' => '/mnt/d/wsl-home/.cache/typescript/4.5/node_modules/@types/es-to-primitive/index.d.ts'
[19:48:33.900] Adding entry into typings cache: 'es6-promisify' => '/mnt/d/wsl-home/.cache/typescript/4.5/node_modules/@types/es6-promisify/index.d.ts'
[19:48:34.070] Adding entry into typings cache: 'es6-weak-map' => '/mnt/d/wsl-home/.cache/typescript/4.5/node_modules/@types/es6-weak-map/index.d.ts'
[19:48:34.252] Adding entry into typings cache: 'escodegen' => '/mnt/d/wsl-home/.cache/typescript/4.5/node_modules/@types/escodegen/index.d.ts'
[19:48:34.415] Adding entry into typings cache: 'esm' => '/mnt/d/wsl-home/.cache/typescript/4.5/node_modules/@types/esm/index.d.ts'
[19:48:34.572] Adding entry into typings cache: 'esprima' => '/mnt/d/wsl-home/.cache/typescript/4.5/node_modules/@types/esprima/index.d.ts'
[19:48:34.767] Adding entry into typings cache: 'estraverse' => '/mnt/d/wsl-home/.cache/typescript/4.5/node_modules/@types/estraverse/index.d.ts'
[19:48:34.933] Adding entry into typings cache: 'esutils' => '/mnt/d/wsl-home/.cache/typescript/4.5/node_modules/@types/esutils/index.d.ts'
[19:48:35.150] Adding entry into typings cache: 'event-emitter' => '/mnt/d/wsl-home/.cache/typescript/4.5/node_modules/@types/event-emitter/index.d.ts'
[19:48:35.419] Adding entry into typings cache: 'events' => '/mnt/d/wsl-home/.cache/typescript/4.5/node_modules/@types/events/index.d.ts'
[19:48:35.656] Adding entry into typings cache: 'extend' => '/mnt/d/wsl-home/.cache/typescript/4.5/node_modules/@types/extend/index.d.ts'
[19:48:35.835] Adding entry into typings cache: 'fast-levenshtein' => '/mnt/d/wsl-home/.cache/typescript/4.5/node_modules/@types/fast-levenshtein/index.d.ts'
[19:48:36.015] Adding entry into typings cache: 'fill-range' => '/mnt/d/wsl-home/.cache/typescript/4.5/node_modules/@types/fill-range/index.d.ts'
[19:48:36.223] Adding entry into typings cache: 'flat' => '/mnt/d/wsl-home/.cache/typescript/4.5/node_modules/@types/flat/index.d.ts'
[19:48:36.461] Adding entry into typings cache: 'folder-hash' => '/mnt/d/wsl-home/.cache/typescript/4.5/node_modules/@types/folder-hash/index.d.ts'
[19:48:36.631] Adding entry into typings cache: 'follow-redirects' => '/mnt/d/wsl-home/.cache/typescript/4.5/node_modules/@types/follow-redirects/index.d.ts'
[19:48:36.795] Adding entry into typings cache: 'formidable' => '/mnt/d/wsl-home/.cache/typescript/4.5/node_modules/@types/formidable/index.d.ts'
[19:48:36.973] Adding entry into typings cache: 'fs-extra' => '/mnt/d/wsl-home/.cache/typescript/4.5/node_modules/@types/fs-extra/index.d.ts'
[19:48:37.203] Adding entry into typings cache: 'function-bind' => '/mnt/d/wsl-home/.cache/typescript/4.5/node_modules/@types/function-bind/index.d.ts'
[19:48:37.437] Adding entry into typings cache: 'get-intrinsic' => '/mnt/d/wsl-home/.cache/typescript/4.5/node_modules/@types/get-intrinsic/index.d.ts'
[19:48:37.615] Adding entry into typings cache: 'get-value' => '/mnt/d/wsl-home/.cache/typescript/4.5/node_modules/@types/get-value/index.d.ts'
[19:48:37.791] Adding entry into typings cache: 'glob' => '/mnt/d/wsl-home/.cache/typescript/4.5/node_modules/@types/glob/index.d.ts'
[19:48:37.952] Adding entry into typings cache: 'glob-parent' => '/mnt/d/wsl-home/.cache/typescript/4.5/node_modules/@types/glob-parent/index.d.ts'
[19:48:38.132] Adding entry into typings cache: 'glob-to-regexp' => '/mnt/d/wsl-home/.cache/typescript/4.5/node_modules/@types/glob-to-regexp/index.d.ts'
[19:48:38.315] Adding entry into typings cache: 'graceful-fs' => '/mnt/d/wsl-home/.cache/typescript/4.5/node_modules/@types/graceful-fs/index.d.ts'
[19:48:38.481] Adding entry into typings cache: 'graphlib' => '/mnt/d/wsl-home/.cache/typescript/4.5/node_modules/@types/graphlib/index.d.ts'
[19:48:38.639] Adding entry into typings cache: 'has' => '/mnt/d/wsl-home/.cache/typescript/4.5/node_modules/@types/has/index.d.ts'
[19:48:38.824] Adding entry into typings cache: 'has-ansi' => '/mnt/d/wsl-home/.cache/typescript/4.5/node_modules/@types/has-ansi/index.d.ts'
[19:48:38.993] Adding entry into typings cache: 'has-symbols' => '/mnt/d/wsl-home/.cache/typescript/4.5/node_modules/@types/has-symbols/index.d.ts'
[19:48:39.163] Adding entry into typings cache: 'hosted-git-info' => '/mnt/d/wsl-home/.cache/typescript/4.5/node_modules/@types/hosted-git-info/index.d.ts'
[19:48:39.325] Adding entry into typings cache: 'http-cache-semantics' => '/mnt/d/wsl-home/.cache/typescript/4.5/node_modules/@types/http-cache-semantics/index.d.ts'
[19:48:39.524] Adding entry into typings cache: 'immediate' => '/mnt/d/wsl-home/.cache/typescript/4.5/node_modules/@types/immediate/index.d.ts'
[19:48:39.679] Adding entry into typings cache: 'imurmurhash' => '/mnt/d/wsl-home/.cache/typescript/4.5/node_modules/@types/imurmurhash/index.d.ts'
[19:48:39.841] Adding entry into typings cache: 'inherits' => '/mnt/d/wsl-home/.cache/typescript/4.5/node_modules/@types/inherits/index.d.ts'
[19:48:40.054] Adding entry into typings cache: 'ini' => '/mnt/d/wsl-home/.cache/typescript/4.5/node_modules/@types/ini/index.d.ts'
[19:48:40.272] Adding entry into typings cache: 'inquirer' => '/mnt/d/wsl-home/.cache/typescript/4.5/node_modules/@types/inquirer/index.d.ts'
[19:48:40.519] Adding entry into typings cache: 'inquirer-autocomplete-prompt' => '/mnt/d/wsl-home/.cache/typescript/4.5/node_modules/@types/inquirer-autocomplete-prompt/index.d.ts'
[19:48:40.678] Adding entry into typings cache: 'internal-slot' => '/mnt/d/wsl-home/.cache/typescript/4.5/node_modules/@types/internal-slot/index.d.ts'
[19:48:40.832] Adding entry into typings cache: 'is-arguments' => '/mnt/d/wsl-home/.cache/typescript/4.5/node_modules/@types/is-arguments/index.d.ts'
[19:48:40.978] Adding entry into typings cache: 'is-bigint' => '/mnt/d/wsl-home/.cache/typescript/4.5/node_modules/@types/is-bigint/index.d.ts'
[19:48:41.142] Adding entry into typings cache: 'is-boolean-object' => '/mnt/d/wsl-home/.cache/typescript/4.5/node_modules/@types/is-boolean-object/index.d.ts'
[19:48:41.371] Adding entry into typings cache: 'is-buffer' => '/mnt/d/wsl-home/.cache/typescript/4.5/node_modules/@types/is-buffer/index.d.ts'
[19:48:41.546] Adding entry into typings cache: 'is-callable' => '/mnt/d/wsl-home/.cache/typescript/4.5/node_modules/@types/is-callable/index.d.ts'
[19:48:41.721] Adding entry into typings cache: 'is-ci' => '/mnt/d/wsl-home/.cache/typescript/4.5/node_modules/@types/is-ci/index.d.ts'
[19:48:41.882] Adding entry into typings cache: 'is-core-module' => '/mnt/d/wsl-home/.cache/typescript/4.5/node_modules/@types/is-core-module/index.d.ts'
[19:48:42.050] Adding entry into typings cache: 'is-data-descriptor' => '/mnt/d/wsl-home/.cache/typescript/4.5/node_modules/@types/is-data-descriptor/index.d.ts'
[19:48:42.230] Adding entry into typings cache: 'is-date-object' => '/mnt/d/wsl-home/.cache/typescript/4.5/node_modules/@types/is-date-object/index.d.ts'
[19:48:42.427] Adding entry into typings cache: 'is-glob' => '/mnt/d/wsl-home/.cache/typescript/4.5/node_modules/@types/is-glob/index.d.ts'
[19:48:42.587] Adding entry into typings cache: 'is-natural-number' => '/mnt/d/wsl-home/.cache/typescript/4.5/node_modules/@types/is-natural-number/index.d.ts'
[19:48:42.781] Adding entry into typings cache: 'is-number' => '/mnt/d/wsl-home/.cache/typescript/4.5/node_modules/@types/is-number/index.d.ts'
[19:48:42.965] Adding entry into typings cache: 'is-regex' => '/mnt/d/wsl-home/.cache/typescript/4.5/node_modules/@types/is-regex/index.d.ts'
[19:48:43.130] Adding entry into typings cache: 'is-string' => '/mnt/d/wsl-home/.cache/typescript/4.5/node_modules/@types/is-string/index.d.ts'
[19:48:43.350] Adding entry into typings cache: 'is-typedarray' => '/mnt/d/wsl-home/.cache/typescript/4.5/node_modules/@types/is-typedarray/index.d.ts'
[19:48:43.506] Adding entry into typings cache: 'is-url' => '/mnt/d/wsl-home/.cache/typescript/4.5/node_modules/@types/is-url/index.d.ts'
[19:48:43.622] Adding entry into typings cache: 'is-utf8' => '/mnt/d/wsl-home/.cache/typescript/4.5/node_modules/@types/is-utf8/index.d.ts'
[19:48:43.740] Adding entry into typings cache: 'is-windows' => '/mnt/d/wsl-home/.cache/typescript/4.5/node_modules/@types/is-windows/index.d.ts'
[19:48:43.925] Adding entry into typings cache: 'isarray' => '/mnt/d/wsl-home/.cache/typescript/4.5/node_modules/@types/isarray/index.d.ts'
[19:48:44.093] Adding entry into typings cache: 'isexe' => '/mnt/d/wsl-home/.cache/typescript/4.5/node_modules/@types/isexe/index.d.ts'
[19:48:44.265] Adding entry into typings cache: 'jmespath' => '/mnt/d/wsl-home/.cache/typescript/4.5/node_modules/@types/jmespath/index.d.ts'
[19:48:44.409] Adding entry into typings cache: 'js-string-escape' => '/mnt/d/wsl-home/.cache/typescript/4.5/node_modules/@types/js-string-escape/index.d.ts'
[19:48:44.552] Adding entry into typings cache: 'js-yaml' => '/mnt/d/wsl-home/.cache/typescript/4.5/node_modules/@types/js-yaml/index.d.ts'
[19:48:44.694] Adding entry into typings cache: 'jsesc' => '/mnt/d/wsl-home/.cache/typescript/4.5/node_modules/@types/jsesc/index.d.ts'
[19:48:44.888] Adding entry into typings cache: 'json-buffer' => '/mnt/d/wsl-home/.cache/typescript/4.5/node_modules/@types/json-buffer/index.d.ts'
[19:48:45.035] Adding entry into typings cache: 'json-parse-better-errors' => '/mnt/d/wsl-home/.cache/typescript/4.5/node_modules/@types/json-parse-better-errors/index.d.ts'
[19:48:45.239] Adding entry into typings cache: 'jsonfile' => '/mnt/d/wsl-home/.cache/typescript/4.5/node_modules/@types/jsonfile/index.d.ts'
[19:48:45.393] Adding entry into typings cache: 'jsonpath' => '/mnt/d/wsl-home/.cache/typescript/4.5/node_modules/@types/jsonpath/index.d.ts'
[19:48:45.563] Adding entry into typings cache: 'jsonwebtoken' => '/mnt/d/wsl-home/.cache/typescript/4.5/node_modules/@types/jsonwebtoken/index.d.ts'
[19:48:45.715] Adding entry into typings cache: 'jwa' => '/mnt/d/wsl-home/.cache/typescript/4.5/node_modules/@types/jwa/index.d.ts'
[19:48:45.844] Adding entry into typings cache: 'jws' => '/mnt/d/wsl-home/.cache/typescript/4.5/node_modules/@types/jws/index.d.ts'
[19:48:46.037] Adding entry into typings cache: 'kind-of' => '/mnt/d/wsl-home/.cache/typescript/4.5/node_modules/@types/kind-of/index.d.ts'
[19:48:46.202] Adding entry into typings cache: 'lodash' => '/mnt/d/wsl-home/.cache/typescript/4.5/node_modules/@types/lodash/index.d.ts'
[19:48:46.335] Adding entry into typings cache: 'lodash.clonedeep' => '/mnt/d/wsl-home/.cache/typescript/4.5/node_modules/@types/lodash.clonedeep/index.d.ts'
[19:48:46.467] Adding entry into typings cache: 'lodash.defaults' => '/mnt/d/wsl-home/.cache/typescript/4.5/node_modules/@types/lodash.defaults/index.d.ts'
[19:48:46.604] Adding entry into typings cache: 'lodash.difference' => '/mnt/d/wsl-home/.cache/typescript/4.5/node_modules/@types/lodash.difference/index.d.ts'
[19:48:46.758] Adding entry into typings cache: 'lodash.flatten' => '/mnt/d/wsl-home/.cache/typescript/4.5/node_modules/@types/lodash.flatten/index.d.ts'
[19:48:46.916] Adding entry into typings cache: 'lodash.flattendeep' => '/mnt/d/wsl-home/.cache/typescript/4.5/node_modules/@types/lodash.flattendeep/index.d.ts'
[19:48:47.080] Adding entry into typings cache: 'lodash.includes' => '/mnt/d/wsl-home/.cache/typescript/4.5/node_modules/@types/lodash.includes/index.d.ts'
[19:48:47.292] Adding entry into typings cache: 'lodash.isboolean' => '/mnt/d/wsl-home/.cache/typescript/4.5/node_modules/@types/lodash.isboolean/index.d.ts'
[19:48:47.452] Adding entry into typings cache: 'lodash.isinteger' => '/mnt/d/wsl-home/.cache/typescript/4.5/node_modules/@types/lodash.isinteger/index.d.ts'
[19:48:47.591] Adding entry into typings cache: 'lodash.islength' => '/mnt/d/wsl-home/.cache/typescript/4.5/node_modules/@types/lodash.islength/index.d.ts'
[19:48:47.737] Adding entry into typings cache: 'lodash.isnumber' => '/mnt/d/wsl-home/.cache/typescript/4.5/node_modules/@types/lodash.isnumber/index.d.ts'
[19:48:47.895] Adding entry into typings cache: 'lodash.isplainobject' => '/mnt/d/wsl-home/.cache/typescript/4.5/node_modules/@types/lodash.isplainobject/index.d.ts'
[19:48:48.077] Adding entry into typings cache: 'lodash.isstring' => '/mnt/d/wsl-home/.cache/typescript/4.5/node_modules/@types/lodash.isstring/index.d.ts'
[19:48:48.265] Adding entry into typings cache: 'lodash.merge' => '/mnt/d/wsl-home/.cache/typescript/4.5/node_modules/@types/lodash.merge/index.d.ts'
[19:48:48.438] Adding entry into typings cache: 'lodash.once' => '/mnt/d/wsl-home/.cache/typescript/4.5/node_modules/@types/lodash.once/index.d.ts'
[19:48:48.577] Adding entry into typings cache: 'lodash.union' => '/mnt/d/wsl-home/.cache/typescript/4.5/node_modules/@types/lodash.union/index.d.ts'
[19:48:48.717] Adding entry into typings cache: 'log' => '/mnt/d/wsl-home/.cache/typescript/4.5/node_modules/@types/log/index.d.ts'
[19:48:48.857] Adding entry into typings cache: 'long' => '/mnt/d/wsl-home/.cache/typescript/4.5/node_modules/@types/long/index.d.ts'
[19:48:48.999] Adding entry into typings cache: 'luxon' => '/mnt/d/wsl-home/.cache/typescript/4.5/node_modules/@types/luxon/index.d.ts'
[19:48:49.175] Adding entry into typings cache: 'media-typer' => '/mnt/d/wsl-home/.cache/typescript/4.5/node_modules/@types/media-typer/index.d.ts'
[19:48:49.312] Adding entry into typings cache: 'memoizee' => '/mnt/d/wsl-home/.cache/typescript/4.5/node_modules/@types/memoizee/index.d.ts'
[19:48:49.491] Adding entry into typings cache: 'merge2' => '/mnt/d/wsl-home/.cache/typescript/4.5/node_modules/@types/merge2/index.d.ts'
[19:48:49.632] Adding entry into typings cache: 'methods' => '/mnt/d/wsl-home/.cache/typescript/4.5/node_modules/@types/methods/index.d.ts'
[19:48:49.781] Adding entry into typings cache: 'micromatch' => '/mnt/d/wsl-home/.cache/typescript/4.5/node_modules/@types/micromatch/index.d.ts'
[19:48:49.922] Adding entry into typings cache: 'mime' => '/mnt/d/wsl-home/.cache/typescript/4.5/node_modules/@types/mime/index.d.ts'
[19:48:50.118] Adding entry into typings cache: 'mime-db' => '/mnt/d/wsl-home/.cache/typescript/4.5/node_modules/@types/mime-db/index.d.ts'
[19:48:50.350] Adding entry into typings cache: 'mime-types' => '/mnt/d/wsl-home/.cache/typescript/4.5/node_modules/@types/mime-types/index.d.ts'
[19:48:50.499] Adding entry into typings cache: 'minimatch' => '/mnt/d/wsl-home/.cache/typescript/4.5/node_modules/@types/minimatch/index.d.ts'
[19:48:50.624] Adding entry into typings cache: 'minimist' => '/mnt/d/wsl-home/.cache/typescript/4.5/node_modules/@types/minimist/index.d.ts'
[19:48:50.772] Adding entry into typings cache: 'minipass' => '/mnt/d/wsl-home/.cache/typescript/4.5/node_modules/@types/minipass/index.d.ts'
[19:48:50.924] Adding entry into typings cache: 'minizlib' => '/mnt/d/wsl-home/.cache/typescript/4.5/node_modules/@types/minizlib/index.d.ts'
[19:48:51.067] Adding entry into typings cache: 'mkdirp' => '/mnt/d/wsl-home/.cache/typescript/4.5/node_modules/@types/mkdirp/index.d.ts'
[19:48:51.253] Adding entry into typings cache: 'ms' => '/mnt/d/wsl-home/.cache/typescript/4.5/node_modules/@types/ms/index.d.ts'
[19:48:51.401] Adding entry into typings cache: 'msgpack-lite' => '/mnt/d/wsl-home/.cache/typescript/4.5/node_modules/@types/msgpack-lite/index.d.ts'
[19:48:51.540] Adding entry into typings cache: 'mute-stream' => '/mnt/d/wsl-home/.cache/typescript/4.5/node_modules/@types/mute-stream/index.d.ts'
[19:48:51.727] Adding entry into typings cache: 'nested-error-stacks' => '/mnt/d/wsl-home/.cache/typescript/4.5/node_modules/@types/nested-error-stacks/index.d.ts'
[19:48:51.892] Adding entry into typings cache: 'next-tick' => '/mnt/d/wsl-home/.cache/typescript/4.5/node_modules/@types/next-tick/index.d.ts'
[19:48:52.072] Adding entry into typings cache: 'nice-try' => '/mnt/d/wsl-home/.cache/typescript/4.5/node_modules/@types/nice-try/index.d.ts'
[19:48:52.248] Adding entry into typings cache: 'node-abi' => '/mnt/d/wsl-home/.cache/typescript/4.5/node_modules/@types/node-abi/index.d.ts'
[19:48:52.408] Adding entry into typings cache: 'node-dir' => '/mnt/d/wsl-home/.cache/typescript/4.5/node_modules/@types/node-dir/index.d.ts'
[19:48:52.554] Adding entry into typings cache: 'node-fetch' => '/mnt/d/wsl-home/.cache/typescript/4.5/node_modules/@types/node-fetch/index.d.ts'
[19:48:52.740] Adding entry into typings cache: 'normalize-package-data' => '/mnt/d/wsl-home/.cache/typescript/4.5/node_modules/@types/normalize-package-data/index.d.ts'
[19:48:52.979] Adding entry into typings cache: 'normalize-path' => '/mnt/d/wsl-home/.cache/typescript/4.5/node_modules/@types/normalize-path/index.d.ts'
[19:48:53.172] Adding entry into typings cache: 'npmlog' => '/mnt/d/wsl-home/.cache/typescript/4.5/node_modules/@types/npmlog/index.d.ts'
[19:48:53.331] Adding entry into typings cache: 'number-is-nan' => '/mnt/d/wsl-home/.cache/typescript/4.5/node_modules/@types/number-is-nan/index.d.ts'
[19:48:53.511] Adding entry into typings cache: 'object-assign' => '/mnt/d/wsl-home/.cache/typescript/4.5/node_modules/@types/object-assign/index.d.ts'
[19:48:53.680] Adding entry into typings cache: 'object-inspect' => '/mnt/d/wsl-home/.cache/typescript/4.5/node_modules/@types/object-inspect/index.d.ts'
[19:48:53.823] Adding entry into typings cache: 'object-keys' => '/mnt/d/wsl-home/.cache/typescript/4.5/node_modules/@types/object-keys/index.d.ts'
[19:48:53.962] Adding entry into typings cache: 'object.fromentries' => '/mnt/d/wsl-home/.cache/typescript/4.5/node_modules/@types/object.fromentries/index.d.ts'
[19:48:54.114] Adding entry into typings cache: 'object.pick' => '/mnt/d/wsl-home/.cache/typescript/4.5/node_modules/@types/object.pick/index.d.ts'
[19:48:54.268] Adding entry into typings cache: 'once' => '/mnt/d/wsl-home/.cache/typescript/4.5/node_modules/@types/once/index.d.ts'
[19:48:54.451] Adding entry into typings cache: 'one-time' => '/mnt/d/wsl-home/.cache/typescript/4.5/node_modules/@types/one-time/index.d.ts'
[19:48:54.572] Adding entry into typings cache: 'os-homedir' => '/mnt/d/wsl-home/.cache/typescript/4.5/node_modules/@types/os-homedir/index.d.ts'
[19:48:54.706] Adding entry into typings cache: 'os-tmpdir' => '/mnt/d/wsl-home/.cache/typescript/4.5/node_modules/@types/os-tmpdir/index.d.ts'
[19:48:54.860] Adding entry into typings cache: 'pako' => '/mnt/d/wsl-home/.cache/typescript/4.5/node_modules/@types/pako/index.d.ts'
[19:48:55.013] Adding entry into typings cache: 'parse-json' => '/mnt/d/wsl-home/.cache/typescript/4.5/node_modules/@types/parse-json/index.d.ts'
[19:48:55.191] Adding entry into typings cache: 'pascalcase' => '/mnt/d/wsl-home/.cache/typescript/4.5/node_modules/@types/pascalcase/index.d.ts'
[19:48:55.372] Adding entry into typings cache: 'path-is-absolute' => '/mnt/d/wsl-home/.cache/typescript/4.5/node_modules/@types/path-is-absolute/index.d.ts'
[19:48:55.543] Adding entry into typings cache: 'path-is-inside' => '/mnt/d/wsl-home/.cache/typescript/4.5/node_modules/@types/path-is-inside/index.d.ts'
[19:48:55.682] Adding entry into typings cache: 'path-parse' => '/mnt/d/wsl-home/.cache/typescript/4.5/node_modules/@types/path-parse/index.d.ts'
[19:48:55.818] Adding entry into typings cache: 'picomatch' => '/mnt/d/wsl-home/.cache/typescript/4.5/node_modules/@types/picomatch/index.d.ts'
[19:48:55.957] Adding entry into typings cache: 'pify' => '/mnt/d/wsl-home/.cache/typescript/4.5/node_modules/@types/pify/index.d.ts'
[19:48:56.140] Adding entry into typings cache: 'prelude-ls' => '/mnt/d/wsl-home/.cache/typescript/4.5/node_modules/@types/prelude-ls/index.d.ts'
[19:48:56.292] Adding entry into typings cache: 'promise-queue' => '/mnt/d/wsl-home/.cache/typescript/4.5/node_modules/@types/promise-queue/index.d.ts'
[19:48:56.441] Adding entry into typings cache: 'pump' => '/mnt/d/wsl-home/.cache/typescript/4.5/node_modules/@types/pump/index.d.ts'
[19:48:56.600] Adding entry into typings cache: 'punycode' => '/mnt/d/wsl-home/.cache/typescript/4.5/node_modules/@types/punycode/index.d.ts'
[19:48:56.737] Adding entry into typings cache: 'qrcode-terminal' => '/mnt/d/wsl-home/.cache/typescript/4.5/node_modules/@types/qrcode-terminal/index.d.ts'
[19:48:56.869] Adding entry into typings cache: 'qs' => '/mnt/d/wsl-home/.cache/typescript/4.5/node_modules/@types/qs/index.d.ts'
[19:48:57.022] Adding entry into typings cache: 'ramda' => '/mnt/d/wsl-home/.cache/typescript/4.5/node_modules/@types/ramda/index.d.ts'
[19:48:57.243] Adding entry into typings cache: 'rc' => '/mnt/d/wsl-home/.cache/typescript/4.5/node_modules/@types/rc/index.d.ts'
[19:48:57.434] Adding entry into typings cache: 'readable-stream' => '/mnt/d/wsl-home/.cache/typescript/4.5/node_modules/@types/readable-stream/index.d.ts'
[19:48:57.599] Adding entry into typings cache: 'regenerate' => '/mnt/d/wsl-home/.cache/typescript/4.5/node_modules/@types/regenerate/index.d.ts'
[19:48:57.755] Adding entry into typings cache: 'regenerator-runtime' => '/mnt/d/wsl-home/.cache/typescript/4.5/node_modules/@types/regenerator-runtime/index.d.ts'
[19:48:57.900] Adding entry into typings cache: 'regex-not' => '/mnt/d/wsl-home/.cache/typescript/4.5/node_modules/@types/regex-not/index.d.ts'
[19:48:58.060] Adding entry into typings cache: 'registry-auth-token' => '/mnt/d/wsl-home/.cache/typescript/4.5/node_modules/@types/registry-auth-token/index.d.ts'
[19:48:58.242] Adding entry into typings cache: 'repeat-element' => '/mnt/d/wsl-home/.cache/typescript/4.5/node_modules/@types/repeat-element/index.d.ts'
[19:48:58.418] Adding entry into typings cache: 'repeat-string' => '/mnt/d/wsl-home/.cache/typescript/4.5/node_modules/@types/repeat-string/index.d.ts'
[19:48:58.564] Adding entry into typings cache: 'resolve' => '/mnt/d/wsl-home/.cache/typescript/4.5/node_modules/@types/resolve/index.d.ts'
[19:48:58.741] Adding entry into typings cache: 'responselike' => '/mnt/d/wsl-home/.cache/typescript/4.5/node_modules/@types/responselike/index.d.ts'
[19:48:58.915] Adding entry into typings cache: 'retry' => '/mnt/d/wsl-home/.cache/typescript/4.5/node_modules/@types/retry/index.d.ts'
[19:48:59.052] Adding entry into typings cache: 'rimraf' => '/mnt/d/wsl-home/.cache/typescript/4.5/node_modules/@types/rimraf/index.d.ts'
[19:48:59.239] Adding entry into typings cache: 'run-parallel' => '/mnt/d/wsl-home/.cache/typescript/4.5/node_modules/@types/run-parallel/index.d.ts'
[19:48:59.380] Adding entry into typings cache: 'run-parallel-limit' => '/mnt/d/wsl-home/.cache/typescript/4.5/node_modules/@types/run-parallel-limit/index.d.ts'
[19:48:59.522] Adding entry into typings cache: 'safe-regex' => '/mnt/d/wsl-home/.cache/typescript/4.5/node_modules/@types/safe-regex/index.d.ts'
[19:48:59.708] Adding entry into typings cache: 'safer-buffer' => '/mnt/d/wsl-home/.cache/typescript/4.5/node_modules/@types/safer-buffer/index.d.ts'
[19:48:59.841] Adding entry into typings cache: 'sax' => '/mnt/d/wsl-home/.cache/typescript/4.5/node_modules/@types/sax/index.d.ts'
[19:48:59.987] Adding entry into typings cache: 'semver' => '/mnt/d/wsl-home/.cache/typescript/4.5/node_modules/@types/semver/index.d.ts'
[19:49:00.218] Adding entry into typings cache: 'serverless' => '/mnt/d/wsl-home/.cache/typescript/4.5/node_modules/@types/serverless/index.d.ts'
[19:49:00.398] Adding entry into typings cache: 'set-value' => '/mnt/d/wsl-home/.cache/typescript/4.5/node_modules/@types/set-value/index.d.ts'
[19:49:00.606] Adding entry into typings cache: 'shebang-command' => '/mnt/d/wsl-home/.cache/typescript/4.5/node_modules/@types/shebang-command/index.d.ts'
[19:49:00.739] Adding entry into typings cache: 'shortid' => '/mnt/d/wsl-home/.cache/typescript/4.5/node_modules/@types/shortid/index.d.ts'
[19:49:00.876] Adding entry into typings cache: 'signal-exit' => '/mnt/d/wsl-home/.cache/typescript/4.5/node_modules/@types/signal-exit/index.d.ts'
[19:49:01.019] Adding entry into typings cache: 'simple-swizzle' => '/mnt/d/wsl-home/.cache/typescript/4.5/node_modules/@types/simple-swizzle/index.d.ts'
[19:49:01.214] Adding entry into typings cache: 'slice-ansi' => '/mnt/d/wsl-home/.cache/typescript/4.5/node_modules/@types/slice-ansi/index.d.ts'
[19:49:01.373] Adding entry into typings cache: 'source-map-support' => '/mnt/d/wsl-home/.cache/typescript/4.5/node_modules/@types/source-map-support/index.d.ts'
[19:49:01.537] Adding entry into typings cache: 'spdx-correct' => '/mnt/d/wsl-home/.cache/typescript/4.5/node_modules/@types/spdx-correct/index.d.ts'
[19:49:01.703] Adding entry into typings cache: 'spdx-expression-parse' => '/mnt/d/wsl-home/.cache/typescript/4.5/node_modules/@types/spdx-expression-parse/index.d.ts'
[19:49:01.885] Adding entry into typings cache: 'split2' => '/mnt/d/wsl-home/.cache/typescript/4.5/node_modules/@types/split2/index.d.ts'
[19:49:02.040] Adding entry into typings cache: 'sprintf' => '/mnt/d/wsl-home/.cache/typescript/4.5/node_modules/@types/sprintf/index.d.ts'
[19:49:02.295] Adding entry into typings cache: 'sprintf-js' => '/mnt/d/wsl-home/.cache/typescript/4.5/node_modules/@types/sprintf-js/index.d.ts'
[19:49:02.460] Adding entry into typings cache: 'stack-trace' => '/mnt/d/wsl-home/.cache/typescript/4.5/node_modules/@types/stack-trace/index.d.ts'
[19:49:02.625] Adding entry into typings cache: 'stack-utils' => '/mnt/d/wsl-home/.cache/typescript/4.5/node_modules/@types/stack-utils/index.d.ts'
[19:49:02.797] Adding entry into typings cache: 'static-eval' => '/mnt/d/wsl-home/.cache/typescript/4.5/node_modules/@types/static-eval/index.d.ts'
[19:49:03.006] Adding entry into typings cache: 'stream-shift' => '/mnt/d/wsl-home/.cache/typescript/4.5/node_modules/@types/stream-shift/index.d.ts'
[19:49:03.215] Adding entry into typings cache: 'superagent' => '/mnt/d/wsl-home/.cache/typescript/4.5/node_modules/@types/superagent/index.d.ts'
[19:49:03.439] Adding entry into typings cache: 'supports-color' => '/mnt/d/wsl-home/.cache/typescript/4.5/node_modules/@types/supports-color/index.d.ts'
[19:49:03.625] Adding entry into typings cache: 'tabtab' => '/mnt/d/wsl-home/.cache/typescript/4.5/node_modules/@types/tabtab/index.d.ts'
[19:49:03.790] Adding entry into typings cache: 'tar' => '/mnt/d/wsl-home/.cache/typescript/4.5/node_modules/@types/tar/index.d.ts'
[19:49:03.973] Adding entry into typings cache: 'tar-fs' => '/mnt/d/wsl-home/.cache/typescript/4.5/node_modules/@types/tar-fs/index.d.ts'
[19:49:04.185] Adding entry into typings cache: 'tar-stream' => '/mnt/d/wsl-home/.cache/typescript/4.5/node_modules/@types/tar-stream/index.d.ts'
[19:49:04.349] Adding entry into typings cache: 'through' => '/mnt/d/wsl-home/.cache/typescript/4.5/node_modules/@types/through/index.d.ts'
[19:49:04.491] Adding entry into typings cache: 'tmp' => '/mnt/d/wsl-home/.cache/typescript/4.5/node_modules/@types/tmp/index.d.ts'
[19:49:04.636] Adding entry into typings cache: 'to-regex' => '/mnt/d/wsl-home/.cache/typescript/4.5/node_modules/@types/to-regex/index.d.ts'
[19:49:04.800] Adding entry into typings cache: 'to-regex-range' => '/mnt/d/wsl-home/.cache/typescript/4.5/node_modules/@types/to-regex-range/index.d.ts'
[19:49:04.978] Adding entry into typings cache: 'traverse' => '/mnt/d/wsl-home/.cache/typescript/4.5/node_modules/@types/traverse/index.d.ts'
[19:49:05.173] Adding entry into typings cache: 'triple-beam' => '/mnt/d/wsl-home/.cache/typescript/4.5/node_modules/@types/triple-beam/index.d.ts'
[19:49:05.359] Adding entry into typings cache: 'type-check' => '/mnt/d/wsl-home/.cache/typescript/4.5/node_modules/@types/type-check/index.d.ts'
[19:49:05.619] Adding entry into typings cache: 'type-is' => '/mnt/d/wsl-home/.cache/typescript/4.5/node_modules/@types/type-is/index.d.ts'
[19:49:05.778] Adding entry into typings cache: 'typedarray-to-buffer' => '/mnt/d/wsl-home/.cache/typescript/4.5/node_modules/@types/typedarray-to-buffer/index.d.ts'
[19:49:05.981] Adding entry into typings cache: 'uid2' => '/mnt/d/wsl-home/.cache/typescript/4.5/node_modules/@types/uid2/index.d.ts'
[19:49:06.178] Adding entry into typings cache: 'unbzip2-stream' => '/mnt/d/wsl-home/.cache/typescript/4.5/node_modules/@types/unbzip2-stream/index.d.ts'
[19:49:06.343] Adding entry into typings cache: 'underscore' => '/mnt/d/wsl-home/.cache/typescript/4.5/node_modules/@types/underscore/index.d.ts'
[19:49:06.504] Adding entry into typings cache: 'universalify' => '/mnt/d/wsl-home/.cache/typescript/4.5/node_modules/@types/universalify/index.d.ts'
[19:49:06.660] Adding entry into typings cache: 'update-notifier' => '/mnt/d/wsl-home/.cache/typescript/4.5/node_modules/@types/update-notifier/index.d.ts'
[19:49:06.819] Adding entry into typings cache: 'urijs' => '/mnt/d/wsl-home/.cache/typescript/4.5/node_modules/@types/urijs/index.d.ts'
[19:49:07.039] Adding entry into typings cache: 'urix' => '/mnt/d/wsl-home/.cache/typescript/4.5/node_modules/@types/urix/index.d.ts'
[19:49:07.280] Adding entry into typings cache: 'url-parse-lax' => '/mnt/d/wsl-home/.cache/typescript/4.5/node_modules/@types/url-parse-lax/index.d.ts'
[19:49:07.462] Adding entry into typings cache: 'urlencode' => '/mnt/d/wsl-home/.cache/typescript/4.5/node_modules/@types/urlencode/index.d.ts'
[19:49:07.638] Adding entry into typings cache: 'utf8' => '/mnt/d/wsl-home/.cache/typescript/4.5/node_modules/@types/utf8/index.d.ts'
[19:49:07.802] Adding entry into typings cache: 'util-deprecate' => '/mnt/d/wsl-home/.cache/typescript/4.5/node_modules/@types/util-deprecate/index.d.ts'
[19:49:08.011] Adding entry into typings cache: 'uuid' => '/mnt/d/wsl-home/.cache/typescript/4.5/node_modules/@types/uuid/index.d.ts'
[19:49:08.238] Adding entry into typings cache: 'validate-npm-package-license' => '/mnt/d/wsl-home/.cache/typescript/4.5/node_modules/@types/validate-npm-package-license/index.d.ts'
[19:49:08.411] Adding entry into typings cache: 'wcwidth' => '/mnt/d/wsl-home/.cache/typescript/4.5/node_modules/@types/wcwidth/index.d.ts'
[19:49:08.614] Adding entry into typings cache: 'webidl-conversions' => '/mnt/d/wsl-home/.cache/typescript/4.5/node_modules/@types/webidl-conversions/index.d.ts'
[19:49:08.764] Adding entry into typings cache: 'whatwg-url' => '/mnt/d/wsl-home/.cache/typescript/4.5/node_modules/@types/whatwg-url/index.d.ts'
[19:49:08.923] Adding entry into typings cache: 'which' => '/mnt/d/wsl-home/.cache/typescript/4.5/node_modules/@types/which/index.d.ts'
[19:49:09.207] Adding entry into typings cache: 'which-pm-runs' => '/mnt/d/wsl-home/.cache/typescript/4.5/node_modules/@types/which-pm-runs/index.d.ts'
[19:49:09.393] Adding entry into typings cache: 'wrap-ansi' => '/mnt/d/wsl-home/.cache/typescript/4.5/node_modules/@types/wrap-ansi/index.d.ts'
[19:49:09.576] Adding entry into typings cache: 'write-file-atomic' => '/mnt/d/wsl-home/.cache/typescript/4.5/node_modules/@types/write-file-atomic/index.d.ts'
[19:49:09.782] Adding entry into typings cache: 'ws' => '/mnt/d/wsl-home/.cache/typescript/4.5/node_modules/@types/ws/index.d.ts'
[19:49:10.053] Adding entry into typings cache: 'xml2js' => '/mnt/d/wsl-home/.cache/typescript/4.5/node_modules/@types/xml2js/index.d.ts'
[19:49:10.252] Adding entry into typings cache: 'xtend' => '/mnt/d/wsl-home/.cache/typescript/4.5/node_modules/@types/xtend/index.d.ts'
[19:49:10.428] Adding entry into typings cache: 'yallist' => '/mnt/d/wsl-home/.cache/typescript/4.5/node_modules/@types/yallist/index.d.ts'
[19:49:10.596] Adding entry into typings cache: 'yamljs' => '/mnt/d/wsl-home/.cache/typescript/4.5/node_modules/@types/yamljs/index.d.ts'
[19:49:10.741] Adding entry into typings cache: 'yargs-parser' => '/mnt/d/wsl-home/.cache/typescript/4.5/node_modules/@types/yargs-parser/index.d.ts'
[19:49:10.910] Adding entry into typings cache: 'yauzl' => '/mnt/d/wsl-home/.cache/typescript/4.5/node_modules/@types/yauzl/index.d.ts'
[19:49:11.116] Adding entry into typings cache: 'yeast' => '/mnt/d/wsl-home/.cache/typescript/4.5/node_modules/@types/yeast/index.d.ts'
[19:49:11.117] Finished processing cache location '/mnt/d/wsl-home/.cache/typescript/4.5'
[19:49:11.119] Process id: 17589
[19:49:11.120] NPM location: /mnt/d/wsl-home/.nvm/versions/node/v16.13.2/bin/npm (explicit '--npmLocation' not  provided)
[19:49:11.120] validateDefaultNpmLocation: false
[19:49:11.121] Npm config file: /mnt/d/wsl-home/.cache/typescript/4.5/package.json
[19:49:11.131] Updating types-registry npm package...
[19:49:11.131] Exec: /mnt/d/wsl-home/.nvm/versions/node/v16.13.2/bin/npm install --ignore-scripts types-registry@latest
[19:49:49.200]     Succeeded. stdout:
    
    changed 1 package, and audited 314 packages in 29s

5 packages are looking for funding
  run `npm fund` for details

found 0 vulnerabilities

[19:49:49.200] Updated types-registry npm package
[19:53:32.392] Got install request {"projectName":"/dev/null/inferredProject1*","fileNames":[],"compilerOptions":{"module":1,"target":3,"jsx":1,"allowJs":true,"allowSyntheticDefaultImports":true,"allowNonTsExtensions":true,"noEmitForJsFiles":true},"typeAcquisition":{"enable":true,"include":[],"exclude":[]},"unresolvedImports":[],"projectRootPath":"/home/yuzu/works/repo/mhrise-damage-simulator/src","kind":"discover"}
[19:53:32.423] Loaded safelist from types map file '/mnt/d/wsl-home/.nvm/versions/node/v16.13.2/lib/node_modules/typescript/lib/typesMap.json'
[19:53:32.424] Explicitly included types: []
[19:53:32.425] Inferred typings from unresolved imports: []
[19:53:32.426] Result: {"cachedTypingPaths":[],"newTypingNames":[],"filesToWatch":["/home/yuzu/works/repo/mhrise-damage-simulator/src/bower_components","/home/yuzu/works/repo/mhrise-damage-simulator/src/node_modules"]}
[19:53:32.426] Finished typings discovery: {"cachedTypingPaths":[],"newTypingNames":[],"filesToWatch":["/home/yuzu/works/repo/mhrise-damage-simulator/src/bower_components","/home/yuzu/works/repo/mhrise-damage-simulator/src/node_modules"]}
[19:53:32.426] DirectoryWatcher:: Added:: WatchInfo: /home/yuzu/works/repo/mhrise-damage-simulator/src/bower_components
[19:53:32.427] DirectoryWatcher:: Added:: WatchInfo: /home/yuzu/works/repo/mhrise-damage-simulator/src/bower_components 1 undefined Project: /dev/null/inferredProject1* watcher already invoked: false
[19:53:32.429] Elapsed:: 2.3614230155944824ms DirectoryWatcher:: Added:: WatchInfo: /home/yuzu/works/repo/mhrise-damage-simulator/src/bower_components 1 undefined Project: /dev/null/inferredProject1* watcher already invoked: false
[19:53:32.429] DirectoryWatcher:: Added:: WatchInfo: /home/yuzu/works/repo/mhrise-damage-simulator/src/node_modules
[19:53:32.429] DirectoryWatcher:: Added:: WatchInfo: /home/yuzu/works/repo/mhrise-damage-simulator/src/node_modules 1 undefined Project: /dev/null/inferredProject1* watcher already invoked: false
[19:53:32.430] Elapsed:: 0.2663800120353699ms DirectoryWatcher:: Added:: WatchInfo: /home/yuzu/works/repo/mhrise-damage-simulator/src/node_modules 1 undefined Project: /dev/null/inferredProject1* watcher already invoked: false
[19:53:32.430] Sending response:
    {"projectName":"/dev/null/inferredProject1*","typeAcquisition":{"enable":true,"include":[],"exclude":[]},"compilerOptions":{"module":1,"target":3,"jsx":1,"allowJs":true,"allowSyntheticDefaultImports":true,"allowNonTsExtensions":true,"noEmitForJsFiles":true},"typings":[],"unresolvedImports":[],"kind":"action::set"}
[19:53:32.430] Response has been sent.
[19:53:32.430] No new typings were requested as a result of typings discovery
[19:53:32.542] Got install request {"projectName":"/dev/null/inferredProject1*","fileNames":[],"compilerOptions":{"module":1,"target":3,"jsx":1,"allowJs":true,"allowSyntheticDefaultImports":true,"allowNonTsExtensions":true,"noEmitForJsFiles":true},"typeAcquisition":{"enable":true,"include":[],"exclude":[]},"unresolvedImports":[],"projectRootPath":"/home/yuzu/works/repo/mhrise-damage-simulator/src","kind":"discover"}
[19:53:32.542] Explicitly included types: []
[19:53:32.542] Inferred typings from unresolved imports: []
[19:53:32.543] Result: {"cachedTypingPaths":[],"newTypingNames":[],"filesToWatch":["/home/yuzu/works/repo/mhrise-damage-simulator/src/bower_components","/home/yuzu/works/repo/mhrise-damage-simulator/src/node_modules"]}
[19:53:32.543] Finished typings discovery: {"cachedTypingPaths":[],"newTypingNames":[],"filesToWatch":["/home/yuzu/works/repo/mhrise-damage-simulator/src/bower_components","/home/yuzu/works/repo/mhrise-damage-simulator/src/node_modules"]}
[19:53:32.543] Sending response:
    {"projectName":"/dev/null/inferredProject1*","typeAcquisition":{"enable":true,"include":[],"exclude":[]},"compilerOptions":{"module":1,"target":3,"jsx":1,"allowJs":true,"allowSyntheticDefaultImports":true,"allowNonTsExtensions":true,"noEmitForJsFiles":true},"typings":[],"unresolvedImports":[],"kind":"action::set"}
[19:53:32.543] Response has been sent.
[19:53:32.543] No new typings were requested as a result of typings discovery
[16:09:51.670] Parent process has exited, shutting down...
